# JRE version: OpenJDK Runtime Environment OpenLogic-OpenJDK (17.0.10+7) (build 17.0.10+7-adhoc..jdk17u)
# Java VM: OpenJDK 64-Bit Server VM OpenLogic-OpenJDK (17.0.10+7-adhoc..jdk17u, mixed mode, sharing, tiered, compressed oops, compressed class ptrs, parallel gc, windows-amd64)
GC Precious Log:
 CPUs: 8 total, 8 available
 Memory: 7918M
 Large Page Support: Disabled
 NUMA Support: Disabled
 Compressed Oops: Enabled (32-bit)
 Alignments: Space 512K, Generation 512K, Heap 2M
 Heap Min Capacity: 100M
 Heap Initial Capacity: 100M
 Heap Max Capacity: 1G
 Pre-touch: Disabled
 Parallel Workers: 8
Heap:
 PSYoungGen      total 19456K, used 15656K [0x00000000eab00000, 0x00000000ec100000, 0x0000000100000000)
  eden space 18432K, 79% used [0x00000000eab00000,0x00000000eb94a0a8,0x00000000ebd00000)
  from space 1024K, 100% used [0x00000000ebf80000,0x00000000ec080000,0x00000000ec080000)
  to   space 2048K, 0% used [0x00000000ebd00000,0x00000000ebd00000,0x00000000ebf00000)
 ParOldGen       total 68608K, used 30487K [0x00000000c0000000, 0x00000000c4300000, 0x00000000eab00000)
  object space 68608K, 44% used [0x00000000c0000000,0x00000000c1dc5d90,0x00000000c4300000)
 Metaspace       used 47281K, committed 48448K, reserved 1114112K
  class space    used 5047K, committed 5568K, reserved 1048576K
GC Heap History (20 events):
Event: 6.577 GC heap before
{Heap before GC invocations=15 (full 2):
 PSYoungGen      total 21504K, used 1428K [0x00000000eab00000, 0x00000000ec780000, 0x0000000100000000)
  eden space 19968K, 0% used [0x00000000eab00000,0x00000000eab00000,0x00000000ebe80000)
  from space 1536K, 92% used [0x00000000ebe80000,0x00000000ebfe5040,0x00000000ec000000)
  to   space 3584K, 0% used [0x00000000ec400000,0x00000000ec400000,0x00000000ec780000)
 ParOldGen       total 68608K, used 21944K [0x00000000c0000000, 0x00000000c4300000, 0x00000000eab00000)
  object space 68608K, 31% used [0x00000000c0000000,0x00000000c156e3f8,0x00000000c4300000)
 Metaspace       used 34841K, committed 35840K, reserved 1114112K
  class space    used 3459K, committed 3904K, reserved 1048576K
}
Event: 6.610 GC heap after
{Heap after GC invocations=15 (full 2):
 PSYoungGen      total 21504K, used 0K [0x00000000eab00000, 0x00000000ec780000, 0x0000000100000000)
  eden space 19968K, 0% used [0x00000000eab00000,0x00000000eab00000,0x00000000ebe80000)
  from space 1536K, 0% used [0x00000000ebe80000,0x00000000ebe80000,0x00000000ec000000)
  to   space 3584K, 0% used [0x00000000ec400000,0x00000000ec400000,0x00000000ec780000)
 ParOldGen       total 68608K, used 18667K [0x00000000c0000000, 0x00000000c4300000, 0x00000000eab00000)
  object space 68608K, 27% used [0x00000000c0000000,0x00000000c123ad58,0x00000000c4300000)
 Metaspace       used 34841K, committed 35840K, reserved 1114112K
  class space    used 3459K, committed 3904K, reserved 1048576K
}
Event: 6.797 GC heap before
{Heap before GC invocations=16 (full 2):
 PSYoungGen      total 21504K, used 19968K [0x00000000eab00000, 0x00000000ec780000, 0x0000000100000000)
  eden space 19968K, 100% used [0x00000000eab00000,0x00000000ebe80000,0x00000000ebe80000)
  from space 1536K, 0% used [0x00000000ebe80000,0x00000000ebe80000,0x00000000ec000000)
  to   space 3584K, 0% used [0x00000000ec400000,0x00000000ec400000,0x00000000ec780000)
 ParOldGen       total 68608K, used 18667K [0x00000000c0000000, 0x00000000c4300000, 0x00000000eab00000)
  object space 68608K, 27% used [0x00000000c0000000,0x00000000c123ad58,0x00000000c4300000)
 Metaspace       used 35976K, committed 36992K, reserved 1114112K
  class space    used 3621K, committed 4096K, reserved 1048576K
}
Event: 6.802 GC heap after
{Heap after GC invocations=16 (full 2):
 PSYoungGen      total 22016K, used 1728K [0x00000000eab00000, 0x00000000ec600000, 0x0000000100000000)
  eden space 19968K, 0% used [0x00000000eab00000,0x00000000eab00000,0x00000000ebe80000)
  from space 2048K, 84% used [0x00000000ec400000,0x00000000ec5b0040,0x00000000ec600000)
  to   space 2048K, 0% used [0x00000000ec200000,0x00000000ec200000,0x00000000ec400000)
 ParOldGen       total 68608K, used 18675K [0x00000000c0000000, 0x00000000c4300000, 0x00000000eab00000)
  object space 68608K, 27% used [0x00000000c0000000,0x00000000c123cd58,0x00000000c4300000)
 Metaspace       used 35976K, committed 36992K, reserved 1114112K
  class space    used 3621K, committed 4096K, reserved 1048576K
}
Event: 6.949 GC heap before
{Heap before GC invocations=17 (full 2):
 PSYoungGen      total 22016K, used 21696K [0x00000000eab00000, 0x00000000ec600000, 0x0000000100000000)
  eden space 19968K, 100% used [0x00000000eab00000,0x00000000ebe80000,0x00000000ebe80000)
  from space 2048K, 84% used [0x00000000ec400000,0x00000000ec5b0040,0x00000000ec600000)
  to   space 2048K, 0% used [0x00000000ec200000,0x00000000ec200000,0x00000000ec400000)
 ParOldGen       total 68608K, used 18675K [0x00000000c0000000, 0x00000000c4300000, 0x00000000eab00000)
  object space 68608K, 27% used [0x00000000c0000000,0x00000000c123cd58,0x00000000c4300000)
 Metaspace       used 36400K, committed 37504K, reserved 1114112K
  class space    used 3661K, committed 4160K, reserved 1048576K
}
Event: 6.954 GC heap after
{Heap after GC invocations=17 (full 2):
 PSYoungGen      total 22016K, used 2033K [0x00000000eab00000, 0x00000000ec680000, 0x0000000100000000)
  eden space 19968K, 0% used [0x00000000eab00000,0x00000000eab00000,0x00000000ebe80000)
  from space 2048K, 99% used [0x00000000ec200000,0x00000000ec3fc410,0x00000000ec400000)
  to   space 2560K, 0% used [0x00000000ec400000,0x00000000ec400000,0x00000000ec680000)
 ParOldGen       total 68608K, used 20291K [0x00000000c0000000, 0x00000000c4300000, 0x00000000eab00000)
  object space 68608K, 29% used [0x00000000c0000000,0x00000000c13d0d88,0x00000000c4300000)
 Metaspace       used 36400K, committed 37504K, reserved 1114112K
  class space    used 3661K, committed 4160K, reserved 1048576K
}
Event: 7.241 GC heap before
{Heap before GC invocations=18 (full 2):
 PSYoungGen      total 22016K, used 22001K [0x00000000eab00000, 0x00000000ec680000, 0x0000000100000000)
  eden space 19968K, 100% used [0x00000000eab00000,0x00000000ebe80000,0x00000000ebe80000)
  from space 2048K, 99% used [0x00000000ec200000,0x00000000ec3fc410,0x00000000ec400000)
  to   space 2560K, 0% used [0x00000000ec400000,0x00000000ec400000,0x00000000ec680000)
 ParOldGen       total 68608K, used 20322K [0x00000000c0000000, 0x00000000c4300000, 0x00000000eab00000)
  object space 68608K, 29% used [0x00000000c0000000,0x00000000c13d8b08,0x00000000c4300000)
 Metaspace       used 37220K, committed 38272K, reserved 1114112K
  class space    used 3756K, committed 4224K, reserved 1048576K
}
Event: 7.246 GC heap after
{Heap after GC invocations=18 (full 2):
 PSYoungGen      total 22016K, used 2018K [0x00000000eab00000, 0x00000000ec600000, 0x0000000100000000)
  eden space 19968K, 0% used [0x00000000eab00000,0x00000000eab00000,0x00000000ebe80000)
  from space 2048K, 98% used [0x00000000ec400000,0x00000000ec5f8810,0x00000000ec600000)
  to   space 3072K, 0% used [0x00000000ec000000,0x00000000ec000000,0x00000000ec300000)
 ParOldGen       total 68608K, used 22210K [0x00000000c0000000, 0x00000000c4300000, 0x00000000eab00000)
  object space 68608K, 32% used [0x00000000c0000000,0x00000000c15b0b38,0x00000000c4300000)
 Metaspace       used 37220K, committed 38272K, reserved 1114112K
  class space    used 3756K, committed 4224K, reserved 1048576K
}
Event: 7.470 GC heap before
{Heap before GC invocations=19 (full 2):
 PSYoungGen      total 22016K, used 21986K [0x00000000eab00000, 0x00000000ec600000, 0x0000000100000000)
  eden space 19968K, 100% used [0x00000000eab00000,0x00000000ebe80000,0x00000000ebe80000)
  from space 2048K, 98% used [0x00000000ec400000,0x00000000ec5f8810,0x00000000ec600000)
  to   space 3072K, 0% used [0x00000000ec000000,0x00000000ec000000,0x00000000ec300000)
 ParOldGen       total 68608K, used 22214K [0x00000000c0000000, 0x00000000c4300000, 0x00000000eab00000)
  object space 68608K, 32% used [0x00000000c0000000,0x00000000c15b19b8,0x00000000c4300000)
 Metaspace       used 37585K, committed 38592K, reserved 1114112K
  class space    used 3794K, committed 4224K, reserved 1048576K
}
Event: 7.478 GC heap after
{Heap after GC invocations=19 (full 2):
 PSYoungGen      total 22016K, used 1997K [0x00000000eab00000, 0x00000000ec480000, 0x0000000100000000)
  eden space 19968K, 0% used [0x00000000eab00000,0x00000000eab00000,0x00000000ebe80000)
  from space 2048K, 97% used [0x00000000ec000000,0x00000000ec1f3500,0x00000000ec200000)
  to   space 2560K, 0% used [0x00000000ec200000,0x00000000ec200000,0x00000000ec480000)
 ParOldGen       total 68608K, used 24123K [0x00000000c0000000, 0x00000000c4300000, 0x00000000eab00000)
  object space 68608K, 35% used [0x00000000c0000000,0x00000000c178efc8,0x00000000c4300000)
 Metaspace       used 37585K, committed 38592K, reserved 1114112K
  class space    used 3794K, committed 4224K, reserved 1048576K
}
Event: 7.622 GC heap before
{Heap before GC invocations=20 (full 2):
 PSYoungGen      total 22016K, used 21965K [0x00000000eab00000, 0x00000000ec480000, 0x0000000100000000)
  eden space 19968K, 100% used [0x00000000eab00000,0x00000000ebe80000,0x00000000ebe80000)
  from space 2048K, 97% used [0x00000000ec000000,0x00000000ec1f3500,0x00000000ec200000)
  to   space 2560K, 0% used [0x00000000ec200000,0x00000000ec200000,0x00000000ec480000)
 ParOldGen       total 68608K, used 24123K [0x00000000c0000000, 0x00000000c4300000, 0x00000000eab00000)
  object space 68608K, 35% used [0x00000000c0000000,0x00000000c178efc8,0x00000000c4300000)
 Metaspace       used 38318K, committed 39424K, reserved 1114112K
  class space    used 3898K, committed 4352K, reserved 1048576K
}
Event: 7.627 GC heap after
{Heap after GC invocations=20 (full 2):
 PSYoungGen      total 20992K, used 2532K [0x00000000eab00000, 0x00000000ec880000, 0x0000000100000000)
  eden space 18432K, 0% used [0x00000000eab00000,0x00000000eab00000,0x00000000ebd00000)
  from space 2560K, 98% used [0x00000000ec200000,0x00000000ec4791d0,0x00000000ec480000)
  to   space 5120K, 0% used [0x00000000ebd00000,0x00000000ebd00000,0x00000000ec200000)
 ParOldGen       total 68608K, used 26089K [0x00000000c0000000, 0x00000000c4300000, 0x00000000eab00000)
  object space 68608K, 38% used [0x00000000c0000000,0x00000000c197a4c8,0x00000000c4300000)
 Metaspace       used 38318K, committed 39424K, reserved 1114112K
  class space    used 3898K, committed 4352K, reserved 1048576K
}
Event: 7.807 GC heap before
{Heap before GC invocations=21 (full 2):
 PSYoungGen      total 20992K, used 20964K [0x00000000eab00000, 0x00000000ec880000, 0x0000000100000000)
  eden space 18432K, 100% used [0x00000000eab00000,0x00000000ebd00000,0x00000000ebd00000)
  from space 2560K, 98% used [0x00000000ec200000,0x00000000ec4791d0,0x00000000ec480000)
  to   space 5120K, 0% used [0x00000000ebd00000,0x00000000ebd00000,0x00000000ec200000)
 ParOldGen       total 68608K, used 26089K [0x00000000c0000000, 0x00000000c4300000, 0x00000000eab00000)
  object space 68608K, 38% used [0x00000000c0000000,0x00000000c197a4c8,0x00000000c4300000)
 Metaspace       used 40694K, committed 41920K, reserved 1114112K
  class space    used 4177K, committed 4736K, reserved 1048576K
}
Event: 7.811 GC heap after
{Heap after GC invocations=21 (full 2):
 PSYoungGen      total 19968K, used 1076K [0x00000000eab00000, 0x00000000ec280000, 0x0000000100000000)
  eden space 18432K, 0% used [0x00000000eab00000,0x00000000eab00000,0x00000000ebd00000)
  from space 1536K, 70% used [0x00000000ebd00000,0x00000000ebe0d138,0x00000000ebe80000)
  to   space 2560K, 0% used [0x00000000ec000000,0x00000000ec000000,0x00000000ec280000)
 ParOldGen       total 68608K, used 28562K [0x00000000c0000000, 0x00000000c4300000, 0x00000000eab00000)
  object space 68608K, 41% used [0x00000000c0000000,0x00000000c1be4a60,0x00000000c4300000)
 Metaspace       used 40694K, committed 41920K, reserved 1114112K
  class space    used 4177K, committed 4736K, reserved 1048576K
}
Event: 8.012 GC heap before
{Heap before GC invocations=22 (full 2):
 PSYoungGen      total 19968K, used 19508K [0x00000000eab00000, 0x00000000ec280000, 0x0000000100000000)
  eden space 18432K, 100% used [0x00000000eab00000,0x00000000ebd00000,0x00000000ebd00000)
  from space 1536K, 70% used [0x00000000ebd00000,0x00000000ebe0d138,0x00000000ebe80000)
  to   space 2560K, 0% used [0x00000000ec000000,0x00000000ec000000,0x00000000ec280000)
 ParOldGen       total 68608K, used 28562K [0x00000000c0000000, 0x00000000c4300000, 0x00000000eab00000)
  object space 68608K, 41% used [0x00000000c0000000,0x00000000c1be4a60,0x00000000c4300000)
 Metaspace       used 41862K, committed 43008K, reserved 1114112K
  class space    used 4323K, committed 4864K, reserved 1048576K
}
Event: 8.014 GC heap after
{Heap after GC invocations=22 (full 2):
 PSYoungGen      total 19456K, used 779K [0x00000000eab00000, 0x00000000ec100000, 0x0000000100000000)
  eden space 18432K, 0% used [0x00000000eab00000,0x00000000eab00000,0x00000000ebd00000)
  from space 1024K, 76% used [0x00000000ec000000,0x00000000ec0c2ed0,0x00000000ec100000)
  to   space 1536K, 0% used [0x00000000ebe00000,0x00000000ebe00000,0x00000000ebf80000)
 ParOldGen       total 68608K, used 29372K [0x00000000c0000000, 0x00000000c4300000, 0x00000000eab00000)
  object space 68608K, 42% used [0x00000000c0000000,0x00000000c1caf148,0x00000000c4300000)
 Metaspace       used 41862K, committed 43008K, reserved 1114112K
  class space    used 4323K, committed 4864K, reserved 1048576K
}
Event: 8.362 GC heap before
{Heap before GC invocations=23 (full 2):
 PSYoungGen      total 19456K, used 19211K [0x00000000eab00000, 0x00000000ec100000, 0x0000000100000000)
  eden space 18432K, 100% used [0x00000000eab00000,0x00000000ebd00000,0x00000000ebd00000)
  from space 1024K, 76% used [0x00000000ec000000,0x00000000ec0c2ed0,0x00000000ec100000)
  to   space 1536K, 0% used [0x00000000ebe00000,0x00000000ebe00000,0x00000000ebf80000)
 ParOldGen       total 68608K, used 29372K [0x00000000c0000000, 0x00000000c4300000, 0x00000000eab00000)
  object space 68608K, 42% used [0x00000000c0000000,0x00000000c1caf148,0x00000000c4300000)
 Metaspace       used 43453K, committed 44672K, reserved 1114112K
  class space    used 4526K, committed 5056K, reserved 1048576K
}
Event: 8.364 GC heap after
{Heap after GC invocations=23 (full 2):
 PSYoungGen      total 19968K, used 608K [0x00000000eab00000, 0x00000000ec080000, 0x0000000100000000)
  eden space 18432K, 0% used [0x00000000eab00000,0x00000000eab00000,0x00000000ebd00000)
  from space 1536K, 39% used [0x00000000ebe00000,0x00000000ebe98000,0x00000000ebf80000)
  to   space 1024K, 0% used [0x00000000ebf80000,0x00000000ebf80000,0x00000000ec080000)
 ParOldGen       total 68608K, used 30031K [0x00000000c0000000, 0x00000000c4300000, 0x00000000eab00000)
  object space 68608K, 43% used [0x00000000c0000000,0x00000000c1d53d90,0x00000000c4300000)
 Metaspace       used 43453K, committed 44672K, reserved 1114112K
  class space    used 4526K, committed 5056K, reserved 1048576K
}
Event: 8.746 GC heap before
{Heap before GC invocations=24 (full 2):
 PSYoungGen      total 19968K, used 19040K [0x00000000eab00000, 0x00000000ec080000, 0x0000000100000000)
  eden space 18432K, 100% used [0x00000000eab00000,0x00000000ebd00000,0x00000000ebd00000)
  from space 1536K, 39% used [0x00000000ebe00000,0x00000000ebe98000,0x00000000ebf80000)
  to   space 1024K, 0% used [0x00000000ebf80000,0x00000000ebf80000,0x00000000ec080000)
 ParOldGen       total 68608K, used 30031K [0x00000000c0000000, 0x00000000c4300000, 0x00000000eab00000)
  object space 68608K, 43% used [0x00000000c0000000,0x00000000c1d53d90,0x00000000c4300000)
 Metaspace       used 45544K, committed 46720K, reserved 1114112K
  class space    used 4800K, committed 5312K, reserved 1048576K
}
Event: 8.748 GC heap after
{Heap after GC invocations=24 (full 2):
 PSYoungGen      total 19456K, used 1024K [0x00000000eab00000, 0x00000000ec100000, 0x0000000100000000)
  eden space 18432K, 0% used [0x00000000eab00000,0x00000000eab00000,0x00000000ebd00000)
  from space 1024K, 100% used [0x00000000ebf80000,0x00000000ec080000,0x00000000ec080000)
  to   space 2048K, 0% used [0x00000000ebd00000,0x00000000ebd00000,0x00000000ebf00000)
 ParOldGen       total 68608K, used 30487K [0x00000000c0000000, 0x00000000c4300000, 0x00000000eab00000)
  object space 68608K, 44% used [0x00000000c0000000,0x00000000c1dc5d90,0x00000000c4300000)
 Metaspace       used 45544K, committed 46720K, reserved 1114112K
  class space    used 4800K, committed 5312K, reserved 1048576K
}

