# JRE version: OpenJDK Runtime Environment OpenLogic-OpenJDK (17.0.10+7) (build 17.0.10+7-adhoc..jdk17u)
# Java VM: OpenJDK 64-Bit Server VM OpenLogic-OpenJDK (17.0.10+7-adhoc..jdk17u, mixed mode, sharing, tiered, compressed oops, compressed class ptrs, g1 gc, windows-amd64)
GC Precious Log:
 CPUs: 8 total, 8 available
 Memory: 7918M
 Large Page Support: Disabled
 NUMA Support: Disabled
 Compressed Oops: Enabled (32-bit)
 Heap Region Size: 1M
 Heap Min Capacity: 8M
 Heap Initial Capacity: 8M
 Heap Max Capacity: 1980M
 Pre-touch: Disabled
 Parallel Workers: 8
 Concurrent Workers: 2
 Concurrent Refinement Workers: 8
 Periodic GC: Disabled
Heap:
 garbage-first heap   total 11264K, used 3864K [0x0000000084400000, 0x0000000100000000)
  region size 1024K, 2 young (2048K), 1 survivors (1024K)
 Metaspace       used 8140K, committed 8320K, reserved 1114112K
  class space    used 937K, committed 1024K, reserved 1048576K
GC Heap History (12 events):
Event: 0.172 GC heap before
{Heap before GC invocations=0 (full 0):
 garbage-first heap   total 8192K, used 2048K [0x0000000084400000, 0x0000000100000000)
  region size 1024K, 3 young (3072K), 0 survivors (0K)
 Metaspace       used 2663K, committed 2880K, reserved 1114112K
  class space    used 356K, committed 448K, reserved 1048576K
}
Event: 0.174 GC heap after
{Heap after GC invocations=1 (full 0):
 garbage-first heap   total 8192K, used 1216K [0x0000000084400000, 0x0000000100000000)
  region size 1024K, 1 young (1024K), 1 survivors (1024K)
 Metaspace       used 2663K, committed 2880K, reserved 1114112K
  class space    used 356K, committed 448K, reserved 1048576K
}
Event: 0.240 GC heap before
{Heap before GC invocations=1 (full 0):
 garbage-first heap   total 8192K, used 1216K [0x0000000084400000, 0x0000000100000000)
  region size 1024K, 2 young (2048K), 1 survivors (1024K)
 Metaspace       used 5040K, committed 5248K, reserved 1114112K
  class space    used 621K, committed 704K, reserved 1048576K
}
Event: 0.244 GC heap after
{Heap after GC invocations=2 (full 0):
 garbage-first heap   total 8192K, used 1882K [0x0000000084400000, 0x0000000100000000)
  region size 1024K, 1 young (1024K), 1 survivors (1024K)
 Metaspace       used 5040K, committed 5248K, reserved 1114112K
  class space    used 621K, committed 704K, reserved 1048576K
}
Event: 0.286 GC heap before
{Heap before GC invocations=2 (full 0):
 garbage-first heap   total 8192K, used 2906K [0x0000000084400000, 0x0000000100000000)
  region size 1024K, 2 young (2048K), 1 survivors (1024K)
 Metaspace       used 6247K, committed 6400K, reserved 1114112K
  class space    used 755K, committed 832K, reserved 1048576K
}
Event: 0.287 GC heap after
{Heap after GC invocations=3 (full 0):
 garbage-first heap   total 8192K, used 2202K [0x0000000084400000, 0x0000000100000000)
  region size 1024K, 1 young (1024K), 1 survivors (1024K)
 Metaspace       used 6247K, committed 6400K, reserved 1114112K
  class space    used 755K, committed 832K, reserved 1048576K
}
Event: 0.342 GC heap before
{Heap before GC invocations=3 (full 0):
 garbage-first heap   total 8192K, used 3226K [0x0000000084400000, 0x0000000100000000)
  region size 1024K, 2 young (2048K), 1 survivors (1024K)
 Metaspace       used 7389K, committed 7552K, reserved 1114112K
  class space    used 861K, committed 960K, reserved 1048576K
}
Event: 0.345 GC heap after
{Heap after GC invocations=4 (full 0):
 garbage-first heap   total 8192K, used 2404K [0x0000000084400000, 0x0000000100000000)
  region size 1024K, 1 young (1024K), 1 survivors (1024K)
 Metaspace       used 7389K, committed 7552K, reserved 1114112K
  class space    used 861K, committed 960K, reserved 1048576K
}
Event: 0.360 GC heap before
{Heap before GC invocations=4 (full 0):
 garbage-first heap   total 8192K, used 3428K [0x0000000084400000, 0x0000000100000000)
  region size 1024K, 2 young (2048K), 1 survivors (1024K)
 Metaspace       used 7482K, committed 7680K, reserved 1114112K
  class space    used 862K, committed 960K, reserved 1048576K
}
Event: 0.362 GC heap after
{Heap after GC invocations=5 (full 0):
 garbage-first heap   total 11264K, used 2728K [0x0000000084400000, 0x0000000100000000)
  region size 1024K, 1 young (1024K), 1 survivors (1024K)
 Metaspace       used 7482K, committed 7680K, reserved 1114112K
  class space    used 862K, committed 960K, reserved 1048576K
}
Event: 0.402 GC heap before
{Heap before GC invocations=5 (full 0):
 garbage-first heap   total 11264K, used 4776K [0x0000000084400000, 0x0000000100000000)
  region size 1024K, 3 young (3072K), 1 survivors (1024K)
 Metaspace       used 7658K, committed 7808K, reserved 1114112K
  class space    used 881K, committed 960K, reserved 1048576K
}
Event: 0.405 GC heap after
{Heap after GC invocations=6 (full 0):
 garbage-first heap   total 11264K, used 3185K [0x0000000084400000, 0x0000000100000000)
  region size 1024K, 1 young (1024K), 1 survivors (1024K)
 Metaspace       used 7658K, committed 7808K, reserved 1114112K
  class space    used 881K, committed 960K, reserved 1048576K
}

